<?xml version="1.0" encoding="UTF-8"?>
<testsuite xmlns:xsi="http://www.w3.org/2001/XMLSchema-instance" xsi:noNamespaceSchemaLocation="https://maven.apache.org/surefire/maven-surefire-plugin/xsd/surefire-test-report.xsd" name="com.ch.lesson.LessonApplicationTests" time="9.522" tests="1" errors="0" skipped="0" failures="0">
  <properties>
    <property name="gopherProxySet" value="false"/>
    <property name="awt.toolkit" value="sun.lwawt.macosx.LWCToolkit"/>
    <property name="file.encoding.pkg" value="sun.io"/>
    <property name="java.specification.version" value="1.8"/>
    <property name="sun.cpu.isalist" value=""/>
    <property name="sun.jnu.encoding" value="UTF-8"/>
    <property name="java.class.path" value="/Users/zytshijack/Documents/github/git/myrepositories/Lesson/target/test-classes:/Users/zytshijack/Documents/github/git/myrepositories/Lesson/target/classes:/Users/zytshijack/Documents/Repository/org/springframework/boot/spring-boot-starter-web/2.1.3.RELEASE/spring-boot-starter-web-2.1.3.RELEASE.jar:/Users/zytshijack/Documents/Repository/org/springframework/boot/spring-boot-starter/2.1.3.RELEASE/spring-boot-starter-2.1.3.RELEASE.jar:/Users/zytshijack/Documents/Repository/org/springframework/boot/spring-boot/2.1.3.RELEASE/spring-boot-2.1.3.RELEASE.jar:/Users/zytshijack/Documents/Repository/org/springframework/boot/spring-boot-starter-logging/2.1.3.RELEASE/spring-boot-starter-logging-2.1.3.RELEASE.jar:/Users/zytshijack/Documents/Repository/ch/qos/logback/logback-classic/1.2.3/logback-classic-1.2.3.jar:/Users/zytshijack/Documents/Repository/ch/qos/logback/logback-core/1.2.3/logback-core-1.2.3.jar:/Users/zytshijack/Documents/Repository/org/apache/logging/log4j/log4j-to-slf4j/2.11.2/log4j-to-slf4j-2.11.2.jar:/Users/zytshijack/Documents/Repository/org/apache/logging/log4j/log4j-api/2.11.2/log4j-api-2.11.2.jar:/Users/zytshijack/Documents/Repository/org/slf4j/jul-to-slf4j/1.7.25/jul-to-slf4j-1.7.25.jar:/Users/zytshijack/Documents/Repository/javax/annotation/javax.annotation-api/1.3.2/javax.annotation-api-1.3.2.jar:/Users/zytshijack/Documents/Repository/org/yaml/snakeyaml/1.23/snakeyaml-1.23.jar:/Users/zytshijack/Documents/Repository/org/springframework/boot/spring-boot-starter-json/2.1.3.RELEASE/spring-boot-starter-json-2.1.3.RELEASE.jar:/Users/zytshijack/Documents/Repository/com/fasterxml/jackson/core/jackson-databind/2.9.8/jackson-databind-2.9.8.jar:/Users/zytshijack/Documents/Repository/com/fasterxml/jackson/core/jackson-annotations/2.9.0/jackson-annotations-2.9.0.jar:/Users/zytshijack/Documents/Repository/com/fasterxml/jackson/core/jackson-core/2.9.8/jackson-core-2.9.8.jar:/Users/zytshijack/Documents/Repository/com/fasterxml/jackson/datatype/jackson-datatype-jdk8/2.9.8/jackson-datatype-jdk8-2.9.8.jar:/Users/zytshijack/Documents/Repository/com/fasterxml/jackson/datatype/jackson-datatype-jsr310/2.9.8/jackson-datatype-jsr310-2.9.8.jar:/Users/zytshijack/Documents/Repository/com/fasterxml/jackson/module/jackson-module-parameter-names/2.9.8/jackson-module-parameter-names-2.9.8.jar:/Users/zytshijack/Documents/Repository/org/springframework/boot/spring-boot-starter-tomcat/2.1.3.RELEASE/spring-boot-starter-tomcat-2.1.3.RELEASE.jar:/Users/zytshijack/Documents/Repository/org/apache/tomcat/embed/tomcat-embed-core/9.0.16/tomcat-embed-core-9.0.16.jar:/Users/zytshijack/Documents/Repository/org/apache/tomcat/embed/tomcat-embed-el/9.0.16/tomcat-embed-el-9.0.16.jar:/Users/zytshijack/Documents/Repository/org/apache/tomcat/embed/tomcat-embed-websocket/9.0.16/tomcat-embed-websocket-9.0.16.jar:/Users/zytshijack/Documents/Repository/org/hibernate/validator/hibernate-validator/6.0.14.Final/hibernate-validator-6.0.14.Final.jar:/Users/zytshijack/Documents/Repository/javax/validation/validation-api/2.0.1.Final/validation-api-2.0.1.Final.jar:/Users/zytshijack/Documents/Repository/org/jboss/logging/jboss-logging/3.3.2.Final/jboss-logging-3.3.2.Final.jar:/Users/zytshijack/Documents/Repository/com/fasterxml/classmate/1.4.0/classmate-1.4.0.jar:/Users/zytshijack/Documents/Repository/org/springframework/spring-web/5.1.5.RELEASE/spring-web-5.1.5.RELEASE.jar:/Users/zytshijack/Documents/Repository/org/springframework/spring-beans/5.1.5.RELEASE/spring-beans-5.1.5.RELEASE.jar:/Users/zytshijack/Documents/Repository/org/springframework/spring-webmvc/5.1.5.RELEASE/spring-webmvc-5.1.5.RELEASE.jar:/Users/zytshijack/Documents/Repository/org/springframework/spring-aop/5.1.5.RELEASE/spring-aop-5.1.5.RELEASE.jar:/Users/zytshijack/Documents/Repository/org/springframework/spring-context/5.1.5.RELEASE/spring-context-5.1.5.RELEASE.jar:/Users/zytshijack/Documents/Repository/org/springframework/spring-expression/5.1.5.RELEASE/spring-expression-5.1.5.RELEASE.jar:/Users/zytshijack/Documents/Repository/org/springframework/boot/spring-boot-starter-test/2.1.3.RELEASE/spring-boot-starter-test-2.1.3.RELEASE.jar:/Users/zytshijack/Documents/Repository/org/springframework/boot/spring-boot-test/2.1.3.RELEASE/spring-boot-test-2.1.3.RELEASE.jar:/Users/zytshijack/Documents/Repository/org/springframework/boot/spring-boot-test-autoconfigure/2.1.3.RELEASE/spring-boot-test-autoconfigure-2.1.3.RELEASE.jar:/Users/zytshijack/Documents/Repository/com/jayway/jsonpath/json-path/2.4.0/json-path-2.4.0.jar:/Users/zytshijack/Documents/Repository/net/minidev/json-smart/2.3/json-smart-2.3.jar:/Users/zytshijack/Documents/Repository/net/minidev/accessors-smart/1.2/accessors-smart-1.2.jar:/Users/zytshijack/Documents/Repository/org/ow2/asm/asm/5.0.4/asm-5.0.4.jar:/Users/zytshijack/Documents/Repository/org/assertj/assertj-core/3.11.1/assertj-core-3.11.1.jar:/Users/zytshijack/Documents/Repository/org/mockito/mockito-core/2.23.4/mockito-core-2.23.4.jar:/Users/zytshijack/Documents/Repository/net/bytebuddy/byte-buddy/1.9.10/byte-buddy-1.9.10.jar:/Users/zytshijack/Documents/Repository/net/bytebuddy/byte-buddy-agent/1.9.10/byte-buddy-agent-1.9.10.jar:/Users/zytshijack/Documents/Repository/org/objenesis/objenesis/2.6/objenesis-2.6.jar:/Users/zytshijack/Documents/Repository/org/hamcrest/hamcrest-core/1.3/hamcrest-core-1.3.jar:/Users/zytshijack/Documents/Repository/org/hamcrest/hamcrest-library/1.3/hamcrest-library-1.3.jar:/Users/zytshijack/Documents/Repository/org/skyscreamer/jsonassert/1.5.0/jsonassert-1.5.0.jar:/Users/zytshijack/Documents/Repository/com/vaadin/external/google/android-json/0.0.20131108.vaadin1/android-json-0.0.20131108.vaadin1.jar:/Users/zytshijack/Documents/Repository/org/springframework/spring-core/5.1.5.RELEASE/spring-core-5.1.5.RELEASE.jar:/Users/zytshijack/Documents/Repository/org/springframework/spring-jcl/5.1.5.RELEASE/spring-jcl-5.1.5.RELEASE.jar:/Users/zytshijack/Documents/Repository/org/springframework/spring-test/5.1.5.RELEASE/spring-test-5.1.5.RELEASE.jar:/Users/zytshijack/Documents/Repository/org/xmlunit/xmlunit-core/2.6.2/xmlunit-core-2.6.2.jar:/Users/zytshijack/Documents/Repository/com/baomidou/mybatis-plus-boot-starter/3.1.0/mybatis-plus-boot-starter-3.1.0.jar:/Users/zytshijack/Documents/Repository/com/baomidou/mybatis-plus/3.1.0/mybatis-plus-3.1.0.jar:/Users/zytshijack/Documents/Repository/org/springframework/boot/spring-boot-autoconfigure/2.1.3.RELEASE/spring-boot-autoconfigure-2.1.3.RELEASE.jar:/Users/zytshijack/Documents/Repository/org/springframework/boot/spring-boot-starter-jdbc/2.1.3.RELEASE/spring-boot-starter-jdbc-2.1.3.RELEASE.jar:/Users/zytshijack/Documents/Repository/com/zaxxer/HikariCP/3.2.0/HikariCP-3.2.0.jar:/Users/zytshijack/Documents/Repository/org/springframework/spring-jdbc/5.1.5.RELEASE/spring-jdbc-5.1.5.RELEASE.jar:/Users/zytshijack/Documents/Repository/org/springframework/spring-tx/5.1.5.RELEASE/spring-tx-5.1.5.RELEASE.jar:/Users/zytshijack/Documents/Repository/org/projectlombok/lombok/1.18.6/lombok-1.18.6.jar:/Users/zytshijack/Documents/Repository/mysql/mysql-connector-java/5.1.39/mysql-connector-java-5.1.39.jar:/Users/zytshijack/Documents/Repository/junit/junit/4.12/junit-4.12.jar:/Users/zytshijack/Documents/Repository/com/google/guava/guava/27.0.1-jre/guava-27.0.1-jre.jar:/Users/zytshijack/Documents/Repository/com/google/guava/failureaccess/1.0.1/failureaccess-1.0.1.jar:/Users/zytshijack/Documents/Repository/com/google/guava/listenablefuture/9999.0-empty-to-avoid-conflict-with-guava/listenablefuture-9999.0-empty-to-avoid-conflict-with-guava.jar:/Users/zytshijack/Documents/Repository/com/google/code/findbugs/jsr305/3.0.2/jsr305-3.0.2.jar:/Users/zytshijack/Documents/Repository/org/checkerframework/checker-qual/2.5.2/checker-qual-2.5.2.jar:/Users/zytshijack/Documents/Repository/com/google/errorprone/error_prone_annotations/2.2.0/error_prone_annotations-2.2.0.jar:/Users/zytshijack/Documents/Repository/com/google/j2objc/j2objc-annotations/1.1/j2objc-annotations-1.1.jar:/Users/zytshijack/Documents/Repository/org/codehaus/mojo/animal-sniffer-annotations/1.17/animal-sniffer-annotations-1.17.jar:/Users/zytshijack/Documents/Repository/com/baomidou/mybatis-plus-generator/3.1.1/mybatis-plus-generator-3.1.1.jar:/Users/zytshijack/Documents/Repository/com/baomidou/mybatis-plus-extension/3.1.1/mybatis-plus-extension-3.1.1.jar:/Users/zytshijack/Documents/Repository/com/baomidou/mybatis-plus-core/3.1.1/mybatis-plus-core-3.1.1.jar:/Users/zytshijack/Documents/Repository/com/baomidou/mybatis-plus-annotation/3.1.1/mybatis-plus-annotation-3.1.1.jar:/Users/zytshijack/Documents/Repository/com/github/jsqlparser/jsqlparser/1.2/jsqlparser-1.2.jar:/Users/zytshijack/Documents/Repository/org/mybatis/mybatis/3.5.1/mybatis-3.5.1.jar:/Users/zytshijack/Documents/Repository/org/mybatis/mybatis-spring/2.0.1/mybatis-spring-2.0.1.jar:/Users/zytshijack/Documents/Repository/org/apache/velocity/velocity-engine-core/2.1/velocity-engine-core-2.1.jar:/Users/zytshijack/Documents/Repository/org/apache/commons/commons-lang3/3.8.1/commons-lang3-3.8.1.jar:/Users/zytshijack/Documents/Repository/org/slf4j/slf4j-api/1.7.25/slf4j-api-1.7.25.jar:"/>
    <property name="java.vm.vendor" value="Oracle Corporation"/>
    <property name="sun.arch.data.model" value="64"/>
    <property name="java.vendor.url" value="http://java.oracle.com/"/>
    <property name="user.timezone" value=""/>
    <property name="user.country.format" value="CN"/>
    <property name="java.vm.specification.version" value="1.8"/>
    <property name="os.name" value="Mac OS X"/>
    <property name="user.country" value="US"/>
    <property name="sun.java.launcher" value="SUN_STANDARD"/>
    <property name="sun.boot.library.path" value="/Library/Java/JavaVirtualMachines/jdk1.8.0_111.jdk/Contents/Home/jre/lib"/>
    <property name="sun.java.command" value="/Users/zytshijack/Documents/github/git/myrepositories/Lesson/target/surefire/surefirebooter1259364717542641171.jar /Users/zytshijack/Documents/github/git/myrepositories/Lesson/target/surefire 2019-07-05T21-31-50_638-jvmRun1 surefire9192968279868919945tmp surefire_05154156357336367893tmp"/>
    <property name="surefire.test.class.path" value="/Users/zytshijack/Documents/github/git/myrepositories/Lesson/target/test-classes:/Users/zytshijack/Documents/github/git/myrepositories/Lesson/target/classes:/Users/zytshijack/Documents/Repository/org/springframework/boot/spring-boot-starter-web/2.1.3.RELEASE/spring-boot-starter-web-2.1.3.RELEASE.jar:/Users/zytshijack/Documents/Repository/org/springframework/boot/spring-boot-starter/2.1.3.RELEASE/spring-boot-starter-2.1.3.RELEASE.jar:/Users/zytshijack/Documents/Repository/org/springframework/boot/spring-boot/2.1.3.RELEASE/spring-boot-2.1.3.RELEASE.jar:/Users/zytshijack/Documents/Repository/org/springframework/boot/spring-boot-starter-logging/2.1.3.RELEASE/spring-boot-starter-logging-2.1.3.RELEASE.jar:/Users/zytshijack/Documents/Repository/ch/qos/logback/logback-classic/1.2.3/logback-classic-1.2.3.jar:/Users/zytshijack/Documents/Repository/ch/qos/logback/logback-core/1.2.3/logback-core-1.2.3.jar:/Users/zytshijack/Documents/Repository/org/apache/logging/log4j/log4j-to-slf4j/2.11.2/log4j-to-slf4j-2.11.2.jar:/Users/zytshijack/Documents/Repository/org/apache/logging/log4j/log4j-api/2.11.2/log4j-api-2.11.2.jar:/Users/zytshijack/Documents/Repository/org/slf4j/jul-to-slf4j/1.7.25/jul-to-slf4j-1.7.25.jar:/Users/zytshijack/Documents/Repository/javax/annotation/javax.annotation-api/1.3.2/javax.annotation-api-1.3.2.jar:/Users/zytshijack/Documents/Repository/org/yaml/snakeyaml/1.23/snakeyaml-1.23.jar:/Users/zytshijack/Documents/Repository/org/springframework/boot/spring-boot-starter-json/2.1.3.RELEASE/spring-boot-starter-json-2.1.3.RELEASE.jar:/Users/zytshijack/Documents/Repository/com/fasterxml/jackson/core/jackson-databind/2.9.8/jackson-databind-2.9.8.jar:/Users/zytshijack/Documents/Repository/com/fasterxml/jackson/core/jackson-annotations/2.9.0/jackson-annotations-2.9.0.jar:/Users/zytshijack/Documents/Repository/com/fasterxml/jackson/core/jackson-core/2.9.8/jackson-core-2.9.8.jar:/Users/zytshijack/Documents/Repository/com/fasterxml/jackson/datatype/jackson-datatype-jdk8/2.9.8/jackson-datatype-jdk8-2.9.8.jar:/Users/zytshijack/Documents/Repository/com/fasterxml/jackson/datatype/jackson-datatype-jsr310/2.9.8/jackson-datatype-jsr310-2.9.8.jar:/Users/zytshijack/Documents/Repository/com/fasterxml/jackson/module/jackson-module-parameter-names/2.9.8/jackson-module-parameter-names-2.9.8.jar:/Users/zytshijack/Documents/Repository/org/springframework/boot/spring-boot-starter-tomcat/2.1.3.RELEASE/spring-boot-starter-tomcat-2.1.3.RELEASE.jar:/Users/zytshijack/Documents/Repository/org/apache/tomcat/embed/tomcat-embed-core/9.0.16/tomcat-embed-core-9.0.16.jar:/Users/zytshijack/Documents/Repository/org/apache/tomcat/embed/tomcat-embed-el/9.0.16/tomcat-embed-el-9.0.16.jar:/Users/zytshijack/Documents/Repository/org/apache/tomcat/embed/tomcat-embed-websocket/9.0.16/tomcat-embed-websocket-9.0.16.jar:/Users/zytshijack/Documents/Repository/org/hibernate/validator/hibernate-validator/6.0.14.Final/hibernate-validator-6.0.14.Final.jar:/Users/zytshijack/Documents/Repository/javax/validation/validation-api/2.0.1.Final/validation-api-2.0.1.Final.jar:/Users/zytshijack/Documents/Repository/org/jboss/logging/jboss-logging/3.3.2.Final/jboss-logging-3.3.2.Final.jar:/Users/zytshijack/Documents/Repository/com/fasterxml/classmate/1.4.0/classmate-1.4.0.jar:/Users/zytshijack/Documents/Repository/org/springframework/spring-web/5.1.5.RELEASE/spring-web-5.1.5.RELEASE.jar:/Users/zytshijack/Documents/Repository/org/springframework/spring-beans/5.1.5.RELEASE/spring-beans-5.1.5.RELEASE.jar:/Users/zytshijack/Documents/Repository/org/springframework/spring-webmvc/5.1.5.RELEASE/spring-webmvc-5.1.5.RELEASE.jar:/Users/zytshijack/Documents/Repository/org/springframework/spring-aop/5.1.5.RELEASE/spring-aop-5.1.5.RELEASE.jar:/Users/zytshijack/Documents/Repository/org/springframework/spring-context/5.1.5.RELEASE/spring-context-5.1.5.RELEASE.jar:/Users/zytshijack/Documents/Repository/org/springframework/spring-expression/5.1.5.RELEASE/spring-expression-5.1.5.RELEASE.jar:/Users/zytshijack/Documents/Repository/org/springframework/boot/spring-boot-starter-test/2.1.3.RELEASE/spring-boot-starter-test-2.1.3.RELEASE.jar:/Users/zytshijack/Documents/Repository/org/springframework/boot/spring-boot-test/2.1.3.RELEASE/spring-boot-test-2.1.3.RELEASE.jar:/Users/zytshijack/Documents/Repository/org/springframework/boot/spring-boot-test-autoconfigure/2.1.3.RELEASE/spring-boot-test-autoconfigure-2.1.3.RELEASE.jar:/Users/zytshijack/Documents/Repository/com/jayway/jsonpath/json-path/2.4.0/json-path-2.4.0.jar:/Users/zytshijack/Documents/Repository/net/minidev/json-smart/2.3/json-smart-2.3.jar:/Users/zytshijack/Documents/Repository/net/minidev/accessors-smart/1.2/accessors-smart-1.2.jar:/Users/zytshijack/Documents/Repository/org/ow2/asm/asm/5.0.4/asm-5.0.4.jar:/Users/zytshijack/Documents/Repository/org/assertj/assertj-core/3.11.1/assertj-core-3.11.1.jar:/Users/zytshijack/Documents/Repository/org/mockito/mockito-core/2.23.4/mockito-core-2.23.4.jar:/Users/zytshijack/Documents/Repository/net/bytebuddy/byte-buddy/1.9.10/byte-buddy-1.9.10.jar:/Users/zytshijack/Documents/Repository/net/bytebuddy/byte-buddy-agent/1.9.10/byte-buddy-agent-1.9.10.jar:/Users/zytshijack/Documents/Repository/org/objenesis/objenesis/2.6/objenesis-2.6.jar:/Users/zytshijack/Documents/Repository/org/hamcrest/hamcrest-core/1.3/hamcrest-core-1.3.jar:/Users/zytshijack/Documents/Repository/org/hamcrest/hamcrest-library/1.3/hamcrest-library-1.3.jar:/Users/zytshijack/Documents/Repository/org/skyscreamer/jsonassert/1.5.0/jsonassert-1.5.0.jar:/Users/zytshijack/Documents/Repository/com/vaadin/external/google/android-json/0.0.20131108.vaadin1/android-json-0.0.20131108.vaadin1.jar:/Users/zytshijack/Documents/Repository/org/springframework/spring-core/5.1.5.RELEASE/spring-core-5.1.5.RELEASE.jar:/Users/zytshijack/Documents/Repository/org/springframework/spring-jcl/5.1.5.RELEASE/spring-jcl-5.1.5.RELEASE.jar:/Users/zytshijack/Documents/Repository/org/springframework/spring-test/5.1.5.RELEASE/spring-test-5.1.5.RELEASE.jar:/Users/zytshijack/Documents/Repository/org/xmlunit/xmlunit-core/2.6.2/xmlunit-core-2.6.2.jar:/Users/zytshijack/Documents/Repository/com/baomidou/mybatis-plus-boot-starter/3.1.0/mybatis-plus-boot-starter-3.1.0.jar:/Users/zytshijack/Documents/Repository/com/baomidou/mybatis-plus/3.1.0/mybatis-plus-3.1.0.jar:/Users/zytshijack/Documents/Repository/org/springframework/boot/spring-boot-autoconfigure/2.1.3.RELEASE/spring-boot-autoconfigure-2.1.3.RELEASE.jar:/Users/zytshijack/Documents/Repository/org/springframework/boot/spring-boot-starter-jdbc/2.1.3.RELEASE/spring-boot-starter-jdbc-2.1.3.RELEASE.jar:/Users/zytshijack/Documents/Repository/com/zaxxer/HikariCP/3.2.0/HikariCP-3.2.0.jar:/Users/zytshijack/Documents/Repository/org/springframework/spring-jdbc/5.1.5.RELEASE/spring-jdbc-5.1.5.RELEASE.jar:/Users/zytshijack/Documents/Repository/org/springframework/spring-tx/5.1.5.RELEASE/spring-tx-5.1.5.RELEASE.jar:/Users/zytshijack/Documents/Repository/org/projectlombok/lombok/1.18.6/lombok-1.18.6.jar:/Users/zytshijack/Documents/Repository/mysql/mysql-connector-java/5.1.39/mysql-connector-java-5.1.39.jar:/Users/zytshijack/Documents/Repository/junit/junit/4.12/junit-4.12.jar:/Users/zytshijack/Documents/Repository/com/google/guava/guava/27.0.1-jre/guava-27.0.1-jre.jar:/Users/zytshijack/Documents/Repository/com/google/guava/failureaccess/1.0.1/failureaccess-1.0.1.jar:/Users/zytshijack/Documents/Repository/com/google/guava/listenablefuture/9999.0-empty-to-avoid-conflict-with-guava/listenablefuture-9999.0-empty-to-avoid-conflict-with-guava.jar:/Users/zytshijack/Documents/Repository/com/google/code/findbugs/jsr305/3.0.2/jsr305-3.0.2.jar:/Users/zytshijack/Documents/Repository/org/checkerframework/checker-qual/2.5.2/checker-qual-2.5.2.jar:/Users/zytshijack/Documents/Repository/com/google/errorprone/error_prone_annotations/2.2.0/error_prone_annotations-2.2.0.jar:/Users/zytshijack/Documents/Repository/com/google/j2objc/j2objc-annotations/1.1/j2objc-annotations-1.1.jar:/Users/zytshijack/Documents/Repository/org/codehaus/mojo/animal-sniffer-annotations/1.17/animal-sniffer-annotations-1.17.jar:/Users/zytshijack/Documents/Repository/com/baomidou/mybatis-plus-generator/3.1.1/mybatis-plus-generator-3.1.1.jar:/Users/zytshijack/Documents/Repository/com/baomidou/mybatis-plus-extension/3.1.1/mybatis-plus-extension-3.1.1.jar:/Users/zytshijack/Documents/Repository/com/baomidou/mybatis-plus-core/3.1.1/mybatis-plus-core-3.1.1.jar:/Users/zytshijack/Documents/Repository/com/baomidou/mybatis-plus-annotation/3.1.1/mybatis-plus-annotation-3.1.1.jar:/Users/zytshijack/Documents/Repository/com/github/jsqlparser/jsqlparser/1.2/jsqlparser-1.2.jar:/Users/zytshijack/Documents/Repository/org/mybatis/mybatis/3.5.1/mybatis-3.5.1.jar:/Users/zytshijack/Documents/Repository/org/mybatis/mybatis-spring/2.0.1/mybatis-spring-2.0.1.jar:/Users/zytshijack/Documents/Repository/org/apache/velocity/velocity-engine-core/2.1/velocity-engine-core-2.1.jar:/Users/zytshijack/Documents/Repository/org/apache/commons/commons-lang3/3.8.1/commons-lang3-3.8.1.jar:/Users/zytshijack/Documents/Repository/org/slf4j/slf4j-api/1.7.25/slf4j-api-1.7.25.jar:"/>
    <property name="sun.cpu.endian" value="little"/>
    <property name="user.home" value="/Users/zytshijack"/>
    <property name="user.language" value="en"/>
    <property name="java.specification.vendor" value="Oracle Corporation"/>
    <property name="java.home" value="/Library/Java/JavaVirtualMachines/jdk1.8.0_111.jdk/Contents/Home/jre"/>
    <property name="basedir" value="/Users/zytshijack/Documents/github/git/myrepositories/Lesson"/>
    <property name="file.separator" value="/"/>
    <property name="line.separator" value="&#10;"/>
    <property name="java.vm.specification.vendor" value="Oracle Corporation"/>
    <property name="java.specification.name" value="Java Platform API Specification"/>
    <property name="java.awt.graphicsenv" value="sun.awt.CGraphicsEnvironment"/>
    <property name="surefire.real.class.path" value="/Users/zytshijack/Documents/github/git/myrepositories/Lesson/target/surefire/surefirebooter1259364717542641171.jar"/>
    <property name="sun.boot.class.path" value="/Library/Java/JavaVirtualMachines/jdk1.8.0_111.jdk/Contents/Home/jre/lib/resources.jar:/Library/Java/JavaVirtualMachines/jdk1.8.0_111.jdk/Contents/Home/jre/lib/rt.jar:/Library/Java/JavaVirtualMachines/jdk1.8.0_111.jdk/Contents/Home/jre/lib/sunrsasign.jar:/Library/Java/JavaVirtualMachines/jdk1.8.0_111.jdk/Contents/Home/jre/lib/jsse.jar:/Library/Java/JavaVirtualMachines/jdk1.8.0_111.jdk/Contents/Home/jre/lib/jce.jar:/Library/Java/JavaVirtualMachines/jdk1.8.0_111.jdk/Contents/Home/jre/lib/charsets.jar:/Library/Java/JavaVirtualMachines/jdk1.8.0_111.jdk/Contents/Home/jre/lib/jfr.jar:/Library/Java/JavaVirtualMachines/jdk1.8.0_111.jdk/Contents/Home/jre/classes"/>
    <property name="sun.management.compiler" value="HotSpot 64-Bit Tiered Compilers"/>
    <property name="java.runtime.version" value="1.8.0_111-b14"/>
    <property name="user.name" value="zytshijack"/>
    <property name="path.separator" value=":"/>
    <property name="os.version" value="10.13.1"/>
    <property name="java.endorsed.dirs" value="/Library/Java/JavaVirtualMachines/jdk1.8.0_111.jdk/Contents/Home/jre/lib/endorsed"/>
    <property name="java.runtime.name" value="Java(TM) SE Runtime Environment"/>
    <property name="file.encoding" value="UTF-8"/>
    <property name="java.vm.name" value="Java HotSpot(TM) 64-Bit Server VM"/>
    <property name="localRepository" value="/Users/zytshijack/Documents/Repository"/>
    <property name="java.vendor.url.bug" value="http://bugreport.sun.com/bugreport/"/>
    <property name="java.io.tmpdir" value="/var/folders/y2/1vjpyf2j37j2gpfxypn73bc40000gn/T/"/>
    <property name="java.version" value="1.8.0_111"/>
    <property name="user.dir" value="/Users/zytshijack/Documents/github/git/myrepositories/Lesson"/>
    <property name="os.arch" value="x86_64"/>
    <property name="java.vm.specification.name" value="Java Virtual Machine Specification"/>
    <property name="java.awt.printerjob" value="sun.lwawt.macosx.CPrinterJob"/>
    <property name="sun.os.patch.level" value="unknown"/>
    <property name="idea.version2019.1.1" value="true"/>
    <property name="java.library.path" value="/Users/zytshijack/Library/Java/Extensions:/Library/Java/Extensions:/Network/Library/Java/Extensions:/System/Library/Java/Extensions:/usr/lib/java:."/>
    <property name="java.vm.info" value="mixed mode"/>
    <property name="java.vendor" value="Oracle Corporation"/>
    <property name="java.vm.version" value="25.111-b14"/>
    <property name="java.ext.dirs" value="/Users/zytshijack/Library/Java/Extensions:/Library/Java/JavaVirtualMachines/jdk1.8.0_111.jdk/Contents/Home/jre/lib/ext:/Library/Java/Extensions:/Network/Library/Java/Extensions:/System/Library/Java/Extensions:/usr/lib/java"/>
    <property name="sun.io.unicode.encoding" value="UnicodeBig"/>
    <property name="maven.repo.local" value="/Users/zytshijack/Documents/Repository"/>
    <property name="java.class.version" value="52.0"/>
  </properties>
  <testcase name="contextLoads" classname="com.ch.lesson.LessonApplicationTests" time="0.408"/>
</testsuite>